Log started at 25.4.2021	18:7:25
Number of used processors (NPROC): 4.
Number of mesh partitions (NPART): 4.
Total Physical Memory = 7.88 Gb, Available Physical Memory = 3.05 Gb
Mesh generation started:	25.4.2021	18:7:25
-----------------------------------------------------------------------
Allocating meshes:
	CPU count: 4
	MESH 0:
		Sub-meshes count: 4
-----------------------------------------------------------------------
Current CPU = 0 sec
-----------------------------------------------------------------------
Geometries initialization:

Geometry database loading ...OK
-----------------------------------------------------------------------
Loading mesh settings (global/local)...
-----------------------------------------------------------------------
Number of geometries: 1
Geometry(0):
	Fluid..
	3 Bodies.
	1 Real body.
	Tolerance=0.00025.
	179 Face(s).
		179 of b-spline type.
	4910 Triangle(s).
	0 Face(s) that have no ref faces
	149 Plane surface(s).
	17 Cylinder surface(s).
	4 Cone surface(s).
	6 Torus surface(s).
	3 Extrude surface(s).
	424 Edge(s).
		424 of b-spline type.
	Geometry reading: 0.040 s.
	179 Reference Face(s).
	4910 Reference Triangles.
	GeometryRef reading: 0.011 s.
Last Geometry:
	Solid.
	Making hash and connectivity for geometry 0...
		CBodyGeom:
		Hash size: {16, 6, 20}.
		Mesh size: {4, 6, 10}.
		Hashing triangles...Ok.
		Making triangles connectivity...Ok. (0.068 s).
		Neighbour triangles: 100.00 % (good connect) - 0.00 % (bad connect). Min: 3. Max: 3.
		Done.
		CBodyGeomRef:
		Hashing triangles...Ok.
		Making triangles connectivity...Ok. (0.034 s).
		Neighbour triangles: Min: 0. Max: 3.
		Done.
	0.072 s.
Geometries reading and preparing has taken 0.127 s.

Mapped triangles:
Hashing geometries triangles
	Triangles num=4910
	Triangles box={-0.239496  ,0.260504  ,-0.0166603  ,0.98334  ,-1.47467  ,1.63533  }
		3d-hash size is 24888 bytes
		Making triangles connectivity...Ok. (0.059 s).
		Neighbour triangles: 100.00 % (good connect) - 0.00 % (bad connect). Min: 3. Max: 3.
Hashing peculiar surfaces triangles
	Triangles num=2
	Triangles box={-0.239496  ,0.260504  ,-0.0166603  ,0.98334  ,-1.42467  ,-1.42467  }
		3d-hash size is 1100 bytes
	Triangles num=2
	Triangles box={-0.239496  ,0.260504  ,-0.0166603  ,0.98334  ,1.58533  ,1.58533  }
		3d-hash size is 1100 bytes
Mapped triangles processed in 0.064 s.
-----------------------------------------------------------------------

Current CPU = 1 sec
Flow Simulation 2018  x64 / 3996 / MESHER ver. efd_17_0.3919_21.06.2017 

Project: C:\Users\Admin\Documents\Darrieus-H Turbine\2\2.xmlconfig
Computer name:	DESKTOP-NEMM529
Operating system:	Windows 10 (or higher) (Version 10.0.18363)

SOLIDWORKS 2018 SP0.1

-----------------------------------------------------------------------
Mesh dimensions:
				I[0 ]=4
				I[1 ]=6
				I[2 ]=10
Solver refinement level	I[47]=0

Comp. domain size:
				a[0  ]=-0.28106
				a[1  ]=0.318726
				a[2  ]=-0.0531955
				a[3  ]=1.0155
				a[4  ]=-1.55743
				a[5  ]=1.67957
Wall thickness		a[231]=0
Gap size			a[232]=1

Fluid calculated			1
Solid calculated			0
-----------------------------------------------------------------------
MESH: distribute base bricks among sub-meshes...
	Base bricks count               240
	Sub-meshes  count               4
	Base bricks count per sub-mesh  60 (+0)
	Sub-mesh 0: 60 base brick(s), range [0, 3]-[0, 5]-[0, 2]
	Sub-mesh 1: 60 base brick(s), range [0, 3]-[0, 5]-[2, 4]
	Sub-mesh 2: 60 base brick(s), range [0, 3]-[0, 5]-[5, 7]
	Sub-mesh 3: 60 base brick(s), range [0, 3]-[0, 5]-[7, 9]
-----------------------------------------------------------------------
-----------------------------------------------------------------------
MESH: collecting ghosts in sub-meshes...
	Sub-mesh 0:
		Total  brick(s) 84
		Native brick(s) 60
		Inner  brick(s) 36
		Outer  brick(s) 24
		Ghost  brick(s) 24
	Sub-mesh 1:
		Total  brick(s) 108
		Native brick(s) 60
		Inner  brick(s) 12
		Outer  brick(s) 48
		Ghost  brick(s) 48
	Sub-mesh 2:
		Total  brick(s) 108
		Native brick(s) 60
		Inner  brick(s) 12
		Outer  brick(s) 48
		Ghost  brick(s) 48
	Sub-mesh 3:
		Total  brick(s) 84
		Native brick(s) 60
		Inner  brick(s) 36
		Outer  brick(s) 24
		Ghost  brick(s) 24
	Total brick(s) 240
-----------------------------------------------------------------------
Setting regions...OK (0.001 s)
Base mesh info------------------
	2D flag  =0
	Period   =[0, 0, 0]
	Nx=4
		x[0]=-0.28106
		x[1]=-0.135232
		x[2]=0.01055
		x[3]=0.164664
		x[4]=0.318726
	Ny=6
		y[0]=-0.0531955
		y[1]=0.125698
		y[2]=0.304543
		y[3]=0.483388
		y[4]=0.660775
		y[5]=0.838161
		y[6]=1.0155
	Nz=10
		z[0]=-1.55743
		z[1]=-1.2298
		z[2]=-0.90225
		z[3]=-0.574697
		z[4]=-0.247144
		z[5]=0.0804087
		z[6]=0.400254
		z[7]=0.720101
		z[8]=1.03995
		z[9]=1.3598
		z[10]=1.67957
End of base mesh info---------
Input_mesh_settings--------------------------------
Settings 0----------------
	Scope: GLOBAL
	Type:	------MESHER_SETTINGS----------
	RefAllCells           =0
	RefFluidCells         =0
	RefPartCells          =0
	RefSolidCells         =0
	l_SSFR(Capture crit)  =1
	l_curv(Curvature crit)=0
	l_tol(Tolerance crit) =1
	  k_tol               =0.000231277
	UseChannelRef         =1
	  NCR_method          =0
	  l_NCR               =2
	  N_gap               =5
	  Use d_NCR_min       =0
	  Use d_NCR_max       =0
	IgnoreThinChannelsHeight         =0
	--END_OF_MESHER_SETTINGS-------
End of input mesh settings-------------------------

-----------------------------------------------------------------------
Building geometries:
Building geometry Fluid.0.(0)...

-----------------------------------------------------------------------
Refining by triangulation...
Refinement input: 240 bricks
Setting regions...OK (0.005 s)
	Re-balancing...
	Send and create bricks on destination sub meshes...
	Collecting ghosts...
	Balancing finished.
Setting regions...OK (0.003 s)
Refinement result: 1521 bricks (0.054 s)
Refinement input: 1521 bricks
Refinement result: 1521 bricks (0.000 s)
Collecting and processing rays...OK (0.039 s)
Capturing...OK (0.001 s)
Refining by triangulation takes 0.095 s
-----------------------------------------------------------------------

-----------------------------------------------------------------------
Refining peculiar surfaces...
0 surfaces refined
Refining peculiar surfaces takes 0.001 s
-----------------------------------------------------------------------
Collecting and processing rays...OK (0.001 s)
Capturing...OK (0.000 s)
Collecting and processing rays...OK (0.001 s)
Capturing...OK (0.000 s)
Collecting and processing rays...OK (0.001 s)
Capturing...OK (0.000 s)

-----------------------------------------------------------------------
Base mesh 1 Refining...
Refinement input: 1521 bricks
Refinement result: 1521 bricks (0.001 s)
Collecting and processing rays...OK (0.001 s)
Capturing...OK (0.000 s)
-----------------------------------------------------------------------
Refining channels...
FYI: CNarrowChannelRefiner::RefineChannels_PRLL: m_submesh_count=4
FYI: m_iteration_count = 0
FYI: level1 statistics:
     level1_cnt_plus[1]=0;		level1_cnt_minus[1]=0
     level1_cnt_plus[2]=0;		level1_cnt_minus[2]=0
     level1_cnt_plus[3]=0;		level1_cnt_minus[3]=0
     level1_cnt_plus[4]=0;		level1_cnt_minus[4]=0
     level1_cnt_plus[5]=0;		level1_cnt_minus[5]=0
     level1_cnt_plus[6]=0;		level1_cnt_minus[6]=0
     level1_cnt_plus[7]=0;		level1_cnt_minus[7]=0
     level1_cnt_plus[8]=0;		level1_cnt_minus[8]=0
     level1_cnt_plus[9]=0;		level1_cnt_minus[9]=0
Refinement input: 1521 bricks
Setting regions...OK (0.003 s)
Refinement result: 1535 bricks (0.004 s)
Collecting and processing rays...OK (0.001 s)
Capturing...OK (0.000 s)
FYI: m_iteration_count = 1
FYI: level1 statistics:
     level1_cnt_plus[1]=16;		level1_cnt_minus[1]=0
     level1_cnt_plus[2]=0;		level1_cnt_minus[2]=0
     level1_cnt_plus[3]=0;		level1_cnt_minus[3]=0
     level1_cnt_plus[4]=0;		level1_cnt_minus[4]=0
     level1_cnt_plus[5]=0;		level1_cnt_minus[5]=0
     level1_cnt_plus[6]=0;		level1_cnt_minus[6]=0
     level1_cnt_plus[7]=0;		level1_cnt_minus[7]=0
     level1_cnt_plus[8]=0;		level1_cnt_minus[8]=0
     level1_cnt_plus[9]=0;		level1_cnt_minus[9]=0
FYI: m_iteration_count = 2
FYI: level1 statistics:
     level1_cnt_plus[1]=16;		level1_cnt_minus[1]=0
     level1_cnt_plus[2]=0;		level1_cnt_minus[2]=0
     level1_cnt_plus[3]=0;		level1_cnt_minus[3]=0
     level1_cnt_plus[4]=0;		level1_cnt_minus[4]=0
     level1_cnt_plus[5]=0;		level1_cnt_minus[5]=0
     level1_cnt_plus[6]=0;		level1_cnt_minus[6]=0
     level1_cnt_plus[7]=0;		level1_cnt_minus[7]=0
     level1_cnt_plus[8]=0;		level1_cnt_minus[8]=0
     level1_cnt_plus[9]=0;		level1_cnt_minus[9]=0
FYI: level1 statistics:
     level1_cnt_plus[1]=16;		level1_cnt_minus[1]=0
     level1_cnt_plus[2]=0;		level1_cnt_minus[2]=0
     level1_cnt_plus[3]=0;		level1_cnt_minus[3]=0
     level1_cnt_plus[4]=0;		level1_cnt_minus[4]=0
     level1_cnt_plus[5]=0;		level1_cnt_minus[5]=0
     level1_cnt_plus[6]=0;		level1_cnt_minus[6]=0
     level1_cnt_plus[7]=0;		level1_cnt_minus[7]=0
     level1_cnt_plus[8]=0;		level1_cnt_minus[8]=0
     level1_cnt_plus[9]=0;		level1_cnt_minus[9]=0
	CNarrowChannelRefiner::ChannelsResolution            function_total                0      = 0.108716 sec

-----------------------------------------------------------------------
U-shapes refinement...
Refinement input: 1535 bricks
Refinement result: 1535 bricks (0.001 s)
Collecting and processing rays...OK (0.000 s)
Capturing...OK (0.000 s)
-----------------------------------------------------------------------

-----------------------------------------------------------------------
Equi Distant Refiner:
Equi Distant Refiner takes 0.00 s
-----------------------------------------------------------------------
Building geometry takes 0.212 s
Geometry Fluid.0.
Total		1535
Partial	300
Fluid		1235
Solid		0
Bad		0

/-Ray Intersection---------------/ Time	0.119 s
Calls			879
CorrectRay Calls	0


Building geometries takes 0.212 s
-----------------------------------------------------------------------

-----------------------------------------------------------------------
PostBuilding geometries:
PostBuilding geometries takes 0 s
-----------------------------------------------------------------------
Defect ray count	0
FYI: CNarrowChannelRefiner::RedistributeLevel1_step_1: is finished
FYI: level1 statistics:
     level1_cnt_plus[1]=16;		level1_cnt_minus[1]=0
     level1_cnt_plus[2]=0;		level1_cnt_minus[2]=0
     level1_cnt_plus[3]=0;		level1_cnt_minus[3]=0
     level1_cnt_plus[4]=0;		level1_cnt_minus[4]=0
     level1_cnt_plus[5]=0;		level1_cnt_minus[5]=0
     level1_cnt_plus[6]=0;		level1_cnt_minus[6]=0
     level1_cnt_plus[7]=0;		level1_cnt_minus[7]=0
     level1_cnt_plus[8]=0;		level1_cnt_minus[8]=0
     level1_cnt_plus[9]=0;		level1_cnt_minus[9]=0
FYI: CNarrowChannelRefiner::RedistributeLevel1_step_2: is started
FYI: CNarrowChannelRefiner::RedistributeLevel1_step_2: is finished
FYI: level1 statistics:
     level1_cnt_plus[1]=54;		level1_cnt_minus[1]=0
     level1_cnt_plus[2]=0;		level1_cnt_minus[2]=0
     level1_cnt_plus[3]=0;		level1_cnt_minus[3]=0
     level1_cnt_plus[4]=0;		level1_cnt_minus[4]=0
     level1_cnt_plus[5]=0;		level1_cnt_minus[5]=0
     level1_cnt_plus[6]=0;		level1_cnt_minus[6]=0
     level1_cnt_plus[7]=0;		level1_cnt_minus[7]=0
     level1_cnt_plus[8]=0;		level1_cnt_minus[8]=0
     level1_cnt_plus[9]=0;		level1_cnt_minus[9]=0
FYI: CNarrowChannelRefiner::RedistributeLevel1_step_3: is started
FYI: CNarrowChannelRefiner::RedistributeLevel1_step_3: is finished
RedistributeLevel1 takes:
	CNarrowChannelRefiner::RedistributeLevel1            function_total                0      = 0.0537672 sec
FYI: level1 statistics:
     level1_cnt_plus[1]=54;		level1_cnt_minus[1]=1303
     level1_cnt_plus[2]=0;		level1_cnt_minus[2]=0
     level1_cnt_plus[3]=0;		level1_cnt_minus[3]=0
     level1_cnt_plus[4]=0;		level1_cnt_minus[4]=0
     level1_cnt_plus[5]=0;		level1_cnt_minus[5]=0
     level1_cnt_plus[6]=0;		level1_cnt_minus[6]=0
     level1_cnt_plus[7]=0;		level1_cnt_minus[7]=0
     level1_cnt_plus[8]=0;		level1_cnt_minus[8]=0
     level1_cnt_plus[9]=0;		level1_cnt_minus[9]=0
-----------------------------------------------------------------------
BCF-Builder Iteration: 0
Memory Working Set Current = 30.09 Mb, Memory Working Set Peak = 30.09 Mb
Process Threads Number: 13
Loading geometries triangulation & x-stacks...OK
x-stacks size = 0.03 Mb
	Sub-mesh 0:
		Total  brick(s) 420
		Native brick(s) 396
		Inner  brick(s) 342
		Outer  brick(s) 54
		Ghost  brick(s) 24
	Sub-mesh 1:
		Total  brick(s) 549
		Native brick(s) 333
		Inner  brick(s) 180
		Outer  brick(s) 153
		Ghost  brick(s) 216
	Sub-mesh 2:
		Total  brick(s) 593
		Native brick(s) 410
		Inner  brick(s) 224
		Outer  brick(s) 186
		Ghost  brick(s) 183
	Sub-mesh 3:
		Total  brick(s) 420
		Native brick(s) 396
		Inner  brick(s) 342
		Outer  brick(s) 54
		Ghost  brick(s) 24
	Total brick(s) 1535

-----------------------------------------------------------------------
MSH (Real Geometry) format constructor:
Getting submesh brick sets...OK (0.000 s)
Level 2
	Inner time 0.150 s
	Outer Time 0.136 s
	Level Time 0.286 s
Level 1
	Inner time 0.052 s
	Outer Time 0.019 s
	Level Time 0.071 s
Level 0
	Inner time 0.016 s
	Outer Time 0.016 s
	Level Time 0.032 s

Brick parser time info:
	0.347 s - time_Run
		0.009 s - time_ConstructPoints
			0.005 s - time_ConstructPointsAddFind2
		0.008 s - time_ConstructPointsAndConnectsFromNb
		0.009 s - time_AddRibConnects
		0.078 s - time_ConstructBrickFacets
			0.062 s - time_CalculateQpoints
				0.022 s - time_AddFacetPoint_GetFacesQpoint
					0.007 s - time_GetFacesQpoint_UShaped
						0.007 s - time_GetFacesQpoint2
					0.000 s - time_GetFacesQpoint_AddEdgesToList
					0.012 s - time_Edge_GetClosestPointOn
					0.001 s - time_Edge_NewtonMethod
					0.002 s - time_GetFacesQpoint_ManyFinds
				0.032 s - time_AddFacetPoint_AddQPoint
					0.037 s - time_PointReverseEvaluate
				0.000 s - time_AddFacetPoint_AddFind2
		0.000 s - time_RemoveOddConnects
		0.007 s - time_TestConnectivity
		0.000 s - time_ValidateXeps
		0.011 s - time_ConstructFaceAs
		0.001 s - time_ConstructCvs
		0.004 s - time_ConstructFaceWs
		0.029 s - time_RealGeomAddQPoints
		0.006 s - time_RealGeomAddNewFaces
		0.000 s - time_RealGeomInitOppositeGeomFaceInd
		0.010 s - time_RealGeomApproxCurveFaces
		0.000 s - time_Enum1
		0.000 s - time_Enum2
		0.000 s - time_RealGeomCheckInvalidConnects
		0.161 s - time_RealGeomParameters
			0.104 s - time_CalculateParametersOfCv
			0.056 s - time_CalculateParametersOfFace
				0.022 s - time_CalculateRR
				0.033 s - time_CalculateRefFaceData
				0.001 s - time_CalculateLambdaProjection
			0.000 s - time_SetFacesOrientation
Result:
	Bricks number:                        1535

	Memory usage:                         0.371 MB
	Memory usage (per brick):             0.247 KB
	Construction time:                    0.417 s

	Topology features:
	------------------
	- High quality bricks                  99.15 % (1522)
	- Medium quality bricks                 0.85 % (13)
	- Bad quality bricks                    0.00 % (0)
	- Ribs corrected bricks                 0.00 % (0)
	- Points with geom-info (bricks)        1.37 % (21)
	- Points with closest-info (bricks)     0.07 % (1)
	- Triangulated by center (bricks)       1.24 % (19)
	- Facet w-faces mergings (bricks)       0.00 % (0)
	- To refine (bricks)                    0.00 % (0)

Memory Working Set Current = 34.47 Mb, Memory Working Set Peak = 42.91 Mb
Process Threads Number: 13
-----------------------------------------------------------------------
-----------------------------------------------------------------------
MSH --> BCF format (Iteration 0)...
BCF collector...
	(0) Bcf collect time 0.043 s (612 avs, 340 fws)
	(3) Bcf collect time 0.045 s (684 avs, 416 fws)
	(2) Bcf collect time 0.061 s (751 avs, 454 fws)
	(1) Bcf collect time 0.062 s (727 avs, 600 fws)
	(3) Remove defect avs time 0.003 s
	(0) Remove defect avs time 0.003 s
	(1) Remove defect avs time 0.003 s
	(2) Remove defect avs time 0.002 s
Defect subdomain detector...
		1 subdomain(s) of gi=0 (real bodies = 1).
			Subdomain 0: 1651 av
		Get real subdoms time 0.000 s
		Mark defect subdomains by closed av...
		Mark by closed av time 0.001 s
		Mark defect subdomains by real bodies...
		0 defect subdomain(s) of gi=0.
		6 subdomain(s) of gi=1 (real bodies = 0).
			Subdomain 0: 132 av
			Subdomain 1: 46 av
			Subdomain 2: 52 av
			Subdomain 3: 48 av
			Subdomain 4: 48 av
			Subdomain 5: 228 av
		Get real subdoms time 0.000 s
		0 defect subdomain(s) of gi=1.
	(2) Remove defect subdoms time 0.002 s
	(0) Remove defect subdoms time 0.002 s
	(1) Remove defect subdoms time 0.002 s
	(3) Remove defect subdoms time 0.002 s
NB-faces collector & conservator...
Sub-mesh 0.
	Conservated total=0 (bb-faces=0)
Sub-mesh 1.
	Conservated total=0 (bb-faces=0)
Sub-mesh 2.
	Conservated total=0 (bb-faces=0)
Sub-mesh 3.
	Conservated total=0 (bb-faces=0)
	(3) Bcf calc time 0.002 s
	(0) Bcf calc time 0.003 s
	(2) Bcf calc time 0.014 s
	(1) Bcf calc time 0.023 s
FACE_W optimizer ...
Sub-mesh 0.
	Before optimization total=776 (fs=340, ff=0, ss=0)
	After  optimization total=776 (fs=340, ff=0, ss=0)
Sub-mesh 1.
	Before optimization total=1139 (fs=600, ff=0, ss=0)
	After  optimization total=969 (fs=430, ff=0, ss=0)
Sub-mesh 2.
	Before optimization total=928 (fs=454, ff=0, ss=0)
	After  optimization total=768 (fs=294, ff=0, ss=0)
Sub-mesh 3.
	Before optimization total=852 (fs=416, ff=0, ss=0)
	After  optimization total=852 (fs=416, ff=0, ss=0)
-----------------------------------------------------------------------
-----------------------------------------------------------------------
Merging BCF...
Merging bricks trees...OK (0.00 s)
Merging av data...OK (0.00 s)
Merging a-faces data (fluid)...
	New a-face count   4923
	Bound a-face count 295 (5.99 %)
Merging a-faces data takes 0.00 s
Merging a-faces data (solid)...
	New a-face count   1123
	Bound a-face count 27 (2.40 %)
Merging a-faces data takes 0.00 s
Merging w-faces data...
	New w-face count   2204
	Bound w-face count 0 (0.00 %)
	Need fw-nb         652 (29.58 %)
Merging w-faces data takes 0.01 s
Merging BCF takes (0.01 s)
-----------------------------------------------------------------------

-----------------------------------------------------------------------
Geometrical diagonal nb-faces collector (cpu_num=4)...
	Time=0.010s.
-----------------------------------------------------------------------
Fluid Subdom Constructor: 1 subdom(s).
	Remove nb-fw from diff subdomains (fs)...
		Diff subdomains cases         0
-----------------------------------------------------------------------
Mega-cv constructor for fluid...
	 2 av's is treated as thin
Relative size generator (threshold = 0.05)...OK
	 24 mega-cv's generated
	 0 mega-cv's removed
Convert clusters:
	 24 mega-cv's total
Mega-cv count: 24
-----------------------------------------------------------------------
-----------------------------------------------------------------------
Getting sectors:
Number of sectors: 0
-----------------------------------------------------------------------
Mixing plane rotation regions: NO.
Sliding mesh rotation regions: NO.
Fluid/fluid faces: NO.

-----------------------------------------------------------------------
BCF CHECKSUM DATA (Mesh 0):

FACE_A Area Sum:   G.Fluid        36.7844306453734191
FACE_A Area Sum:   G.Solid        1.4063535184999143
FACE_W Area Sum:                  14.5936202561117216
FACE_W Nb   Sum:                  17688
FACE_W min curvatures sum:        -8494.65717697
FACE_W max curvatures sum:        24880.94215751
AV Max Disbalance: G.Fluid        3.26624e-12 (cid=616, avid=687, pid=244)
AV Max Disbalance: G.Solid        1.06159e-11 (cid=804, avid=1868, pid=217)
-----------------------------------------------------------------------


-----------------------------------------------------------------------
MESHER TOPOLOGY DATA (Mesh 0):

BRICKS: Total                 1535
BRICKS: 1-CV                  985
BRICKS: 2-CV                  430
BRICKS: 3-CV                  120
BRICKS: Bad                   0

AV:     G.Total               2205
AV:     G.Fluid               1651
AV:     G.Solid               554

AV:     G.Fluid Thin Profile    0.24 % (4)
AV:     G.Solid Thin Profile   20.94 % (116)

AV:     G.Fluid Thin For Mega   0.12 % (2)
AV:     G.Solid Thin For Mega  20.22 % (112)

AV:     G.Fluid Non-Convex     18.96 % (313)
AV:     G.Solid Non-Convex      8.48 % (47)

FACE_A: G.Fluid          (af) 4923 (partially opened 1414)
FACE_A: G.Solid          (as) 1123 (partially opened 1099)

FACE_W: G.Total                 2204        Brick/Bound
FACE_W: G.Fluid/Solid    (fs_g) 1227        0           
FACE_W: G.Fluid/Fluid    (ff_g) 0           0           
FACE_W: G.Solid/Solid    (ss_g) 0           0           
FACE_W: G.Fluid/External (fe_g) 977
FACE_W: G.Solid/External (se_g) 0

AV/CV max fa count (on brick side):4
AV/CV max fw count:                4
AV/CV max fw poly count:           26

MEMORY: Total                   0.984 MB
MEMORY: Per Brick               0.656 KB
-----------------------------------------------------------------------

----------------------------------------------------------
BCF --> BCF.GEOMSUBDOM (bridge arrays) (cpu_num=4):
MESH (0):
	Fluid Subdom Constructor: 1 subdom(s).
	Solid Subdom Constructor: 6 subdom(s).
	Net Asm Subdom Constructor: 0 subdom(s).
	GEOMSUBDOM (0): gi=0 fluid av=1651 cv=1627 fa=4923 fw=2204 V=2.023993e+00
	GEOMSUBDOM (1): gi=1 solid av=132 cv=132 fa=248 fw=340 V=2.500000e-02
	GEOMSUBDOM (2): gi=1 solid av=46 cv=46 fa=75 fw=172 V=1.618067e-04
	GEOMSUBDOM (3): gi=1 solid av=52 cv=52 fa=86 fw=195 V=4.920798e-04
	GEOMSUBDOM (4): gi=1 solid av=48 cv=48 fa=92 fw=53 V=1.382855e-04
	GEOMSUBDOM (5): gi=1 solid av=48 cv=48 fa=92 fw=51 V=9.429519e-05
	GEOMSUBDOM (6): gi=1 solid av=228 cv=228 fa=530 fw=416 V=2.500000e-02
	Setting nb of w-faces...OK.

MESH (0) checking:
	GEOMSUBDOM (0):fa_s=36.7844306453734049 fw_s=14.5936202561117199 fw_nb=17688
	GEOMSUBDOM (1):fa_s=0.6016804296434997 fw_s=1.1500000000000001 fw_nb=2608
	GEOMSUBDOM (2):fa_s=0.0249526777846462 fw_s=0.0495769870754409 fw_nb=1546
	GEOMSUBDOM (3):fa_s=0.0292465623116628 fw_s=0.0942082847447941 fw_nb=1978
	GEOMSUBDOM (4):fa_s=0.0279193622769998 fw_s=0.0381004159703489 fw_nb=404
	GEOMSUBDOM (5):fa_s=0.0214928700071190 fw_s=0.0280079369887489 fw_nb=388
	GEOMSUBDOM (6):fa_s=0.7010616164759869 fw_s=1.1499999999999997 fw_nb=3216
MESH (0) checking: OK.
----------------------------------------------------------
-----------------------------------------------------------------------
Connectivities information:
	Number of conns: 0
-----------------------------------------------------------------------
-----------------------------------------------------------------------
Calculating curvature and tolerance criteria...
Curvature: min=0 max=3.14159
Tolerance: min=0 max=0.0517421
Calculating curvature and tolerance criteria takes 0.056 s
-----------------------------------------------------------------------
Current CPU = 2 sec

Nx=4
Ny=6
Nz=10
Max_RL=2
-----------------CModelBodies2MeshMapper::CollectData started -------------------------------
-----------------CModelBodies2MeshMapper Report -------------------------------
FluidDomains 1 SolidDomains 0 VoidDomains 6 
Domains RefIndexes
Domain 0, Index count 89
Domain 1, Index count 6
Domain 2, Index count 47
Domain 3, Index count 24
Domain 4, Index count 3
Domain 5, Index count 3
Domain 6, Index count 6
----------------- -------------------------------
	ModelBodies
Total resolved Bodies 0 BodySets 0
Unresolved Bodies: 15

--------------------------------------------------------------------------
	Positive geometry Bodies
Total resolved Bodies 1 BodySets 1
BodySet 0
	Bodies list:
			#0	Name: ;	ID: 3b17d508-6eb1-47ca-9534-299b12cec010
	Domains list:		 0 

--------------------------------------------------------------------------
	Fluid regions
Total resolved Bodies 1 BodySets 1
BodySet 0	Material: Air; 
	Bodies list:
			#0	Name: ;	ID: 3b17d508-6eb1-47ca-9534-299b12cec010
	Domains list:		 0 

--------------------------------------------------------------------------
-----------------CModelBodies2MeshMapper::CollectData finished successfully-------------------
12. Saving initial mesh in: C:\Users\Admin\Documents\Darrieus-H Turbine\2\2.fld .
Storing results...
Estimated CPT size=0.460 MB.
OK
Memory Working Set Current = 38.13 Mb, Memory Working Set Peak = 42.91 Mb
Process Threads Number: 13
Cleaning memory...
Free Geometry DB takes 0.005 s
Copying... OK

------------------------------------------------------------------------------------------------------------
CPU report:
Function                                             CPU           descriptor                    nproc     
------------------------------------------------------------------------------------------------------------
GetGeometryFromSW                                    0.289 sec   function_total               
GetGeometryFromSW                                    0.051 sec   InitGeometryTriangles        
CMesh::PrepareMappedTriangles                        0.063 sec   function_total               
SwapGeometries                                       0.000 sec   function_total               
CMesh::PreBuild                                      0.003 sec   function_total               
SetBrickRegion                                       0.014 sec   function_total               
CMesh::Build                                         0.213 sec   function_total               
CMesh::BuildGeometry                                 0.212 sec   function_total               
ActivateAllCellsParameters                           0.000 sec   function_total               
RefineByTriangles                                    0.094 sec   function_total               
CaptureRefined                                       0.045 sec   function_total               
GetMultiRaysIntersections                            0.037 sec   full                         
CRayCollector::CorrectRays2                          0.003 sec   full                         
CRayCollector::CorrectRays2                          0.002 sec   stage_1_collect_undefined_vertices1
RefinePeculiarSurfaces                               0.001 sec   function_total               
CNarrowChannelRefiner::ChannelsResolution            0.109 sec   function_total               
CNarrowChannelRefiner::RefineChannels_PRLL           0.107 sec   function_total               
CNarrowChannelRefiner::GetMainNormals                0.006 sec   function_total               
CNarrowChannelRefiner::GetMainNormals                0.062 sec   function_total               
CNarrowChannelRefiner::GetMainNormals                0.064 sec   function_total               
CNarrowChannelRefiner::GetMainNormals                0.004 sec   function_total               
CNarrowChannelRefiner::facade_bricks_of_brick_dirv   0.002 sec   function_total               
CNarrowChannelRefiner::facade_bricks_of_brick_dirv   0.044 sec   function_total               
CNarrowChannelRefiner::facade_bricks_of_brick_dirv   0.062 sec   function_total               
CNarrowChannelRefiner::facade_bricks_of_brick_dirv   0.003 sec   function_total               
CNarrowChannelRefiner::next_brick_on_ray             0.002 sec   function_total               
CNarrowChannelRefiner::next_brick_on_ray             0.043 sec   function_total               
CNarrowChannelRefiner::next_brick_on_ray             0.061 sec   function_total               
CNarrowChannelRefiner::next_brick_on_ray             0.002 sec   function_total               
CNarrowChannelRefiner::RefineChannels_PRLL           0.006 sec   NCR_execute_refinement       
CMesh::BuildGeometry                                 0.000 sec   equidistant_refiner          
CNarrowChannelRefiner::RedistributeLevel1            0.054 sec   function_total               
CTPBuilder::build_bcf                                0.574 sec   function_total               
CTPBuilder::bcf_builder                              0.560 sec   function_total               
LoadTrianglesAndXSL                                  0.000 sec   function_total               
CTPBuilder::collect_msh_format                       0.430 sec   function_total               
CTPBuilder::Run                                      0.092 sec   bcf_collect                  
CTPBuilder::Run                                      0.028 sec   bcf_merge                    
CTPBuilder::build_bcf                                0.002 sec   collect_mega_cv              
CTPBuilder::build_bcf                                0.007 sec   convert_to_mds_function      
CTPBuilder::build_bcf                                0.000 sec   sector_periodicity           
CMesh::CalculateCurvatureAndToleranceCriteria        0.055 sec   function_total               
main_capture                                         0.003 sec   bodies_2_mesh_mapper         
Store_Res_2                                          0.031 sec   function_total               
Freemem_CPT                                          0.013 sec   function_total               
------------------------------------------------------------------------------------------------------------

Mesh generation normally finished at	25.4.2021	18:7:27
Mesher CPU = 2 sec
Mesher is finished at	25.4.2021	18:7:27
Log ended at 25.4.2021	18:7:27
