Log started at 25.4.2021	20:21:17
Number of used processors (NPROC): 4.
Number of mesh partitions (NPART): 4.
Total Physical Memory = 7.88 Gb, Available Physical Memory = 2.91 Gb
Mesh generation started:	25.4.2021	20:21:17
-----------------------------------------------------------------------
Allocating meshes:
	CPU count: 4
	MESH 0:
		Sub-meshes count: 4
-----------------------------------------------------------------------
Current CPU = 0 sec
-----------------------------------------------------------------------
Geometries initialization:

Geometry database loading ...OK
-----------------------------------------------------------------------
Loading mesh settings (global/local)...
-----------------------------------------------------------------------
Number of geometries: 1
Geometry(0):
	Fluid..
	3 Bodies.
	1 Real body.
	Tolerance=0.00025.
	170 Face(s).
		170 of b-spline type.
	26458 Triangle(s).
	0 Face(s) that have no ref faces
	131 Plane surface(s).
	17 Cylinder surface(s).
	4 Cone surface(s).
	6 Torus surface(s).
	12 B- surface(s).
	394 Edge(s).
		394 of b-spline type.
	Geometry reading: 0.053 s.
	170 Reference Face(s).
	26458 Reference Triangles.
	GeometryRef reading: 0.032 s.
Last Geometry:
	Solid.
	Making hash and connectivity for geometry 0...
		CBodyGeom:
		Hash size: {16, 20, 24}.
		Mesh size: {4, 10, 6}.
		Hashing triangles...Ok.
		Making triangles connectivity...Ok. (0.583 s).
		Neighbour triangles: 99.99 % (good connect) - 0.01 % (bad connect). Min: 2. Max: 5.
		Done.
		CBodyGeomRef:
		Hashing triangles...Ok.
		Making triangles connectivity...Ok. (0.567 s).
		Neighbour triangles: Min: 0. Max: 4.
		Done.
	0.613 s.
Geometries reading and preparing has taken 0.712 s.

Mapped triangles:
Hashing geometries triangles
	Triangles num=26458
	Triangles box={-0.213603  ,0.286397  ,-1.61259  ,1.48741  ,-1.03021  ,-0.0302091  }
		3d-hash size is 117228 bytes
		Making triangles connectivity...Ok. (0.381 s).
		Neighbour triangles: 99.99 % (good connect) - 0.01 % (bad connect). Min: 2. Max: 5.
Hashing peculiar surfaces triangles
	Triangles num=2
	Triangles box={-0.213603  ,0.286397  ,1.43741  ,1.43741  ,-1.03021  ,-0.0302091  }
		3d-hash size is 1100 bytes
	Triangles num=2
	Triangles box={-0.213603  ,0.286397  ,-1.56259  ,-1.56259  ,-1.03021  ,-0.0302091  }
		3d-hash size is 1100 bytes
Mapped triangles processed in 0.425 s.
-----------------------------------------------------------------------

Current CPU = 1 sec
Flow Simulation 2018  x64 / 3996 / MESHER ver. efd_17_0.3919_21.06.2017 

Project: E:\Desktop\Downloads\Helix Turbine\2\2.xmlconfig
Computer name:	DESKTOP-NEMM529
Operating system:	Windows 10 (or higher) (Version 10.0.18363)

SOLIDWORKS 2018 SP0.1

-----------------------------------------------------------------------
Mesh dimensions:
				I[0 ]=4
				I[1 ]=10
				I[2 ]=6
Solver refinement level	I[47]=0

Comp. domain size:
				a[0  ]=-0.238128
				a[1  ]=0.319584
				a[2  ]=-1.66073
				a[3  ]=1.5214
				a[4  ]=-1.07139
				a[5  ]=0
Wall thickness		a[231]=0
Gap size			a[232]=1

Fluid calculated			1
Solid calculated			0
-----------------------------------------------------------------------
MESH: distribute base bricks among sub-meshes...
	Base bricks count               240
	Sub-meshes  count               4
	Base bricks count per sub-mesh  60 (+0)
	Sub-mesh 0: 60 base brick(s), range [0, 3]-[0, 2]-[0, 5]
	Sub-mesh 1: 60 base brick(s), range [0, 3]-[2, 4]-[0, 5]
	Sub-mesh 2: 60 base brick(s), range [0, 3]-[5, 7]-[0, 5]
	Sub-mesh 3: 60 base brick(s), range [0, 3]-[7, 9]-[0, 5]
-----------------------------------------------------------------------
-----------------------------------------------------------------------
MESH: collecting ghosts in sub-meshes...
	Sub-mesh 0:
		Total  brick(s) 84
		Native brick(s) 60
		Inner  brick(s) 36
		Outer  brick(s) 24
		Ghost  brick(s) 24
	Sub-mesh 1:
		Total  brick(s) 108
		Native brick(s) 60
		Inner  brick(s) 12
		Outer  brick(s) 48
		Ghost  brick(s) 48
	Sub-mesh 2:
		Total  brick(s) 108
		Native brick(s) 60
		Inner  brick(s) 12
		Outer  brick(s) 48
		Ghost  brick(s) 48
	Sub-mesh 3:
		Total  brick(s) 84
		Native brick(s) 60
		Inner  brick(s) 36
		Outer  brick(s) 24
		Ghost  brick(s) 24
	Total brick(s) 240
-----------------------------------------------------------------------
Setting regions...OK (0.001 s)
Base mesh info------------------
	2D flag  =0
	Period   =[0, 0, 0]
	Nx=4
		x[0]=-0.238128
		x[1]=-0.100822
		x[2]=0.0364404
		x[3]=0.178035
		x[4]=0.319584
	Ny=10
		y[0]=-1.66073
		y[1]=-1.34101
		y[2]=-1.02139
		y[3]=-0.701757
		y[4]=-0.382128
		y[5]=-0.0624997
		y[6]=0.254297
		y[7]=0.571095
		y[8]=0.887892
		y[9]=1.20469
		y[10]=1.5214
	Nz=6
		z[0]=-1.07139
		z[1]=-0.890953
		z[2]=-0.71056
		z[3]=-0.530168
		z[4]=-0.353432
		z[5]=-0.176696
		z[6]=0
End of base mesh info---------
Input_mesh_settings--------------------------------
Settings 0----------------
	Scope: GLOBAL
	Type:	------MESHER_SETTINGS----------
	RefAllCells           =0
	RefFluidCells         =0
	RefPartCells          =0
	RefSolidCells         =0
	l_SSFR(Capture crit)  =1
	l_curv(Curvature crit)=0
	l_tol(Tolerance crit) =1
	  k_tol               =0.0007125
	UseChannelRef         =1
	  NCR_method          =0
	  l_NCR               =2
	  N_gap               =5
	  Use d_NCR_min       =0
	  Use d_NCR_max       =0
	IgnoreThinChannelsHeight         =0
	--END_OF_MESHER_SETTINGS-------
End of input mesh settings-------------------------

-----------------------------------------------------------------------
Building geometries:
Building geometry Fluid.0.(0)...

-----------------------------------------------------------------------
Refining by triangulation...
Refinement input: 240 bricks
Setting regions...OK (0.001 s)
Setting regions...OK (0.001 s)
Refinement result: 1654 bricks (0.321 s)
Refinement input: 1654 bricks
Refinement result: 1654 bricks (0.001 s)
Collecting and processing rays...OK (0.053 s)
Capturing...OK (0.001 s)
Refining by triangulation takes 0.376 s
-----------------------------------------------------------------------

-----------------------------------------------------------------------
Refining peculiar surfaces...
0 surfaces refined
Refining peculiar surfaces takes 0 s
-----------------------------------------------------------------------
Collecting and processing rays...OK (0.000 s)
Capturing...OK (0.000 s)
Collecting and processing rays...OK (0.000 s)
Capturing...OK (0.000 s)
Collecting and processing rays...OK (0.001 s)
Capturing...OK (0.000 s)

-----------------------------------------------------------------------
Base mesh 1 Refining...
Refinement input: 1654 bricks
Refinement result: 1654 bricks (0.001 s)
Collecting and processing rays...OK (0.002 s)
Capturing...OK (0.000 s)
-----------------------------------------------------------------------
Refining channels...
FYI: CNarrowChannelRefiner::RefineChannels_PRLL: m_submesh_count=4
Refinement input: 1654 bricks
Setting regions...OK (0.001 s)
Refinement result: 1696 bricks (0.002 s)
Collecting and processing rays...OK (0.001 s)
Capturing...OK (0.000 s)
FYI: m_iteration_count = 0
FYI: level1 statistics:
     level1_cnt_plus[1]=48;		level1_cnt_minus[1]=0
     level1_cnt_plus[2]=0;		level1_cnt_minus[2]=0
     level1_cnt_plus[3]=0;		level1_cnt_minus[3]=0
     level1_cnt_plus[4]=0;		level1_cnt_minus[4]=0
     level1_cnt_plus[5]=0;		level1_cnt_minus[5]=0
     level1_cnt_plus[6]=0;		level1_cnt_minus[6]=0
     level1_cnt_plus[7]=0;		level1_cnt_minus[7]=0
     level1_cnt_plus[8]=0;		level1_cnt_minus[8]=0
     level1_cnt_plus[9]=0;		level1_cnt_minus[9]=0
FYI: m_iteration_count = 1
FYI: level1 statistics:
     level1_cnt_plus[1]=48;		level1_cnt_minus[1]=0
     level1_cnt_plus[2]=0;		level1_cnt_minus[2]=0
     level1_cnt_plus[3]=0;		level1_cnt_minus[3]=0
     level1_cnt_plus[4]=0;		level1_cnt_minus[4]=0
     level1_cnt_plus[5]=0;		level1_cnt_minus[5]=0
     level1_cnt_plus[6]=0;		level1_cnt_minus[6]=0
     level1_cnt_plus[7]=0;		level1_cnt_minus[7]=0
     level1_cnt_plus[8]=0;		level1_cnt_minus[8]=0
     level1_cnt_plus[9]=0;		level1_cnt_minus[9]=0
Refinement input: 1696 bricks
Setting regions...OK (0.001 s)
Refinement result: 1766 bricks (0.002 s)
Collecting and processing rays...OK (0.000 s)
Capturing...OK (0.000 s)
FYI: m_iteration_count = 2
FYI: level1 statistics:
     level1_cnt_plus[1]=128;		level1_cnt_minus[1]=0
     level1_cnt_plus[2]=0;		level1_cnt_minus[2]=0
     level1_cnt_plus[3]=0;		level1_cnt_minus[3]=0
     level1_cnt_plus[4]=0;		level1_cnt_minus[4]=0
     level1_cnt_plus[5]=0;		level1_cnt_minus[5]=0
     level1_cnt_plus[6]=0;		level1_cnt_minus[6]=0
     level1_cnt_plus[7]=0;		level1_cnt_minus[7]=0
     level1_cnt_plus[8]=0;		level1_cnt_minus[8]=0
     level1_cnt_plus[9]=0;		level1_cnt_minus[9]=0
FYI: m_iteration_count = 3
FYI: level1 statistics:
     level1_cnt_plus[1]=128;		level1_cnt_minus[1]=0
     level1_cnt_plus[2]=0;		level1_cnt_minus[2]=0
     level1_cnt_plus[3]=0;		level1_cnt_minus[3]=0
     level1_cnt_plus[4]=0;		level1_cnt_minus[4]=0
     level1_cnt_plus[5]=0;		level1_cnt_minus[5]=0
     level1_cnt_plus[6]=0;		level1_cnt_minus[6]=0
     level1_cnt_plus[7]=0;		level1_cnt_minus[7]=0
     level1_cnt_plus[8]=0;		level1_cnt_minus[8]=0
     level1_cnt_plus[9]=0;		level1_cnt_minus[9]=0
FYI: level1 statistics:
     level1_cnt_plus[1]=128;		level1_cnt_minus[1]=0
     level1_cnt_plus[2]=0;		level1_cnt_minus[2]=0
     level1_cnt_plus[3]=0;		level1_cnt_minus[3]=0
     level1_cnt_plus[4]=0;		level1_cnt_minus[4]=0
     level1_cnt_plus[5]=0;		level1_cnt_minus[5]=0
     level1_cnt_plus[6]=0;		level1_cnt_minus[6]=0
     level1_cnt_plus[7]=0;		level1_cnt_minus[7]=0
     level1_cnt_plus[8]=0;		level1_cnt_minus[8]=0
     level1_cnt_plus[9]=0;		level1_cnt_minus[9]=0
	CNarrowChannelRefiner::ChannelsResolution            function_total                0      = 0.425213 sec

-----------------------------------------------------------------------
U-shapes refinement...
Refinement input: 1766 bricks
Refinement result: 1766 bricks (0.001 s)
Collecting and processing rays...OK (0.000 s)
Capturing...OK (0.000 s)
-----------------------------------------------------------------------

-----------------------------------------------------------------------
Equi Distant Refiner:
Equi Distant Refiner takes 0.00 s
-----------------------------------------------------------------------
Building geometry takes 0.812 s
Geometry Fluid.0.
Total		1766
Partial	640
Fluid		1126
Solid		0
Bad		0

/-Ray Intersection---------------/ Time	0.116 s
Calls			930
CorrectRay Calls	0


Building geometries takes 0.814 s
-----------------------------------------------------------------------

-----------------------------------------------------------------------
PostBuilding geometries:
PostBuilding geometries takes 0 s
-----------------------------------------------------------------------
Defect ray count	0
FYI: CNarrowChannelRefiner::RedistributeLevel1_step_1: is finished
FYI: level1 statistics:
     level1_cnt_plus[1]=128;		level1_cnt_minus[1]=0
     level1_cnt_plus[2]=0;		level1_cnt_minus[2]=0
     level1_cnt_plus[3]=0;		level1_cnt_minus[3]=0
     level1_cnt_plus[4]=0;		level1_cnt_minus[4]=0
     level1_cnt_plus[5]=0;		level1_cnt_minus[5]=0
     level1_cnt_plus[6]=0;		level1_cnt_minus[6]=0
     level1_cnt_plus[7]=0;		level1_cnt_minus[7]=0
     level1_cnt_plus[8]=0;		level1_cnt_minus[8]=0
     level1_cnt_plus[9]=0;		level1_cnt_minus[9]=0
FYI: CNarrowChannelRefiner::RedistributeLevel1_step_2: is started
FYI: CNarrowChannelRefiner::RedistributeLevel1_step_2: is finished
FYI: level1 statistics:
     level1_cnt_plus[1]=409;		level1_cnt_minus[1]=0
     level1_cnt_plus[2]=0;		level1_cnt_minus[2]=0
     level1_cnt_plus[3]=0;		level1_cnt_minus[3]=0
     level1_cnt_plus[4]=0;		level1_cnt_minus[4]=0
     level1_cnt_plus[5]=0;		level1_cnt_minus[5]=0
     level1_cnt_plus[6]=0;		level1_cnt_minus[6]=0
     level1_cnt_plus[7]=0;		level1_cnt_minus[7]=0
     level1_cnt_plus[8]=0;		level1_cnt_minus[8]=0
     level1_cnt_plus[9]=0;		level1_cnt_minus[9]=0
FYI: CNarrowChannelRefiner::RedistributeLevel1_step_3: is started
FYI: CNarrowChannelRefiner::RedistributeLevel1_step_3: is finished
RedistributeLevel1 takes:
	CNarrowChannelRefiner::RedistributeLevel1            function_total                0      = 0.285331 sec
FYI: level1 statistics:
     level1_cnt_plus[1]=409;		level1_cnt_minus[1]=1188
     level1_cnt_plus[2]=0;		level1_cnt_minus[2]=0
     level1_cnt_plus[3]=0;		level1_cnt_minus[3]=0
     level1_cnt_plus[4]=0;		level1_cnt_minus[4]=0
     level1_cnt_plus[5]=0;		level1_cnt_minus[5]=0
     level1_cnt_plus[6]=0;		level1_cnt_minus[6]=0
     level1_cnt_plus[7]=0;		level1_cnt_minus[7]=0
     level1_cnt_plus[8]=0;		level1_cnt_minus[8]=0
     level1_cnt_plus[9]=0;		level1_cnt_minus[9]=0
-----------------------------------------------------------------------
BCF-Builder Iteration: 0
Memory Working Set Current = 45.91 Mb, Memory Working Set Peak = 45.91 Mb
Process Threads Number: 13
Loading geometries triangulation & x-stacks...OK
x-stacks size = 0.04 Mb
	Sub-mesh 0:
		Total  brick(s) 448
		Native brick(s) 424
		Inner  brick(s) 400
		Outer  brick(s) 24
		Ghost  brick(s) 24
	Sub-mesh 1:
		Total  brick(s) 659
		Native brick(s) 452
		Inner  brick(s) 236
		Outer  brick(s) 216
		Ghost  brick(s) 207
	Sub-mesh 2:
		Total  brick(s) 682
		Native brick(s) 466
		Inner  brick(s) 253
		Outer  brick(s) 213
		Ghost  brick(s) 216
	Sub-mesh 3:
		Total  brick(s) 454
		Native brick(s) 424
		Inner  brick(s) 400
		Outer  brick(s) 24
		Ghost  brick(s) 30
	Total brick(s) 1766

-----------------------------------------------------------------------
MSH (Real Geometry) format constructor:
Getting submesh brick sets...OK (0.000 s)
Level 2
	Inner time 0.510 s
	Outer Time 0.346 s
	Level Time 0.857 s
Level 1
	Inner time 0.068 s
	Outer Time 0.010 s
	Level Time 0.078 s
Level 0
	Inner time 0.017 s
	Outer Time 0.007 s
	Level Time 0.024 s

Brick parser time info:
	0.933 s - time_Run
		0.027 s - time_ConstructPoints
			0.021 s - time_ConstructPointsAddFind2
		0.028 s - time_ConstructPointsAndConnectsFromNb
		0.004 s - time_AddRibConnects
		0.129 s - time_ConstructBrickFacets
			0.087 s - time_CalculateQpoints
				0.023 s - time_AddFacetPoint_GetFacesQpoint
					0.002 s - time_GetFacesQpoint_UShaped
						0.002 s - time_GetFacesQpoint2
					0.001 s - time_GetFacesQpoint_AddEdgesToList
					0.019 s - time_Edge_GetClosestPointOn
					0.002 s - time_Edge_NewtonMethod
					0.000 s - time_GetFacesQpoint_ManyFinds
				0.063 s - time_AddFacetPoint_AddQPoint
					0.072 s - time_PointReverseEvaluate
				0.000 s - time_AddFacetPoint_AddFind2
		0.000 s - time_RemoveOddConnects
		0.013 s - time_TestConnectivity
		0.002 s - time_ValidateXeps
		0.023 s - time_ConstructFaceAs
		0.011 s - time_ConstructCvs
		0.001 s - time_ConstructFaceWs
		0.047 s - time_RealGeomAddQPoints
		0.007 s - time_RealGeomAddNewFaces
		0.000 s - time_RealGeomInitOppositeGeomFaceInd
		0.036 s - time_RealGeomApproxCurveFaces
		0.000 s - time_Enum1
		0.000 s - time_Enum2
		0.001 s - time_RealGeomCheckInvalidConnects
		0.568 s - time_RealGeomParameters
			0.217 s - time_CalculateParametersOfCv
			0.342 s - time_CalculateParametersOfFace
				0.076 s - time_CalculateRR
				0.262 s - time_CalculateRefFaceData
				0.002 s - time_CalculateLambdaProjection
			0.007 s - time_SetFacesOrientation
Result:
	Bricks number:                        1766

	Memory usage:                         0.539 MB
	Memory usage (per brick):             0.313 KB
	Construction time:                    0.988 s

	Topology features:
	------------------
	- High quality bricks                  99.43 % (1756)
	- Medium quality bricks                 0.57 % (10)
	- Bad quality bricks                    0.00 % (0)
	- Ribs corrected bricks                 0.00 % (0)
	- Points with geom-info (bricks)        1.02 % (18)
	- Points with closest-info (bricks)     0.00 % (0)
	- Triangulated by center (bricks)       1.08 % (19)
	- Facet w-faces mergings (bricks)       0.00 % (0)
	- To refine (bricks)                    0.00 % (0)

Memory Working Set Current = 50.62 Mb, Memory Working Set Peak = 59.55 Mb
Process Threads Number: 13
-----------------------------------------------------------------------
-----------------------------------------------------------------------
MSH --> BCF format (Iteration 0)...
BCF collector...
	(0) Bcf collect time 0.099 s (808 avs, 520 fws)
	(3) Bcf collect time 0.103 s (814 avs, 520 fws)
	(1) Bcf collect time 0.157 s (815 avs, 869 fws)
	(2) Bcf collect time 0.164 s (855 avs, 936 fws)
	(0) Remove defect avs time 0.003 s
	(3) Remove defect avs time 0.003 s
	(2) Remove defect avs time 0.003 s
	(1) Remove defect avs time 0.003 s
Defect subdomain detector...
		1 subdomain(s) of gi=0 (real bodies = 1).
			Subdomain 0: 1860 av
		Get real subdoms time 0.000 s
		Mark defect subdomains by closed av...
		Mark by closed av time 0.000 s
		Mark defect subdomains by real bodies...
		0 defect subdomain(s) of gi=0.
		8 subdomain(s) of gi=1 (real bodies = 0).
			Subdomain 0: 324 av
			Subdomain 1: 42 av
			Subdomain 2: 50 av
			Subdomain 3: 56 av
			Subdomain 4: 21 av
			Subdomain 5: 25 av
			Subdomain 6: 4 av
			Subdomain 7: 324 av
		Get real subdoms time 0.000 s
		0 defect subdomain(s) of gi=1.
	(3) Remove defect subdoms time 0.002 s
	(2) Remove defect subdoms time 0.002 s
	(0) Remove defect subdoms time 0.002 s
	(1) Remove defect subdoms time 0.002 s
NB-faces collector & conservator...
Sub-mesh 0.
	Conservated total=0 (bb-faces=0)
Sub-mesh 1.
	Conservated total=7 (bb-faces=0)
Sub-mesh 2.
	Conservated total=7 (bb-faces=0)
Sub-mesh 3.
	Conservated total=0 (bb-faces=0)
	(0) Bcf calc time 0.003 s
	(3) Bcf calc time 0.003 s
	(1) Bcf calc time 0.043 s
	(2) Bcf calc time 0.044 s
FACE_W optimizer ...
Sub-mesh 0.
	Before optimization total=978 (fs=520, ff=0, ss=0)
	After  optimization total=978 (fs=520, ff=0, ss=0)
Sub-mesh 1.
	Before optimization total=1311 (fs=869, ff=0, ss=0)
	After  optimization total=1194 (fs=752, ff=0, ss=0)
Sub-mesh 2.
	Before optimization total=1379 (fs=936, ff=0, ss=0)
	After  optimization total=1256 (fs=813, ff=0, ss=0)
Sub-mesh 3.
	Before optimization total=995 (fs=520, ff=0, ss=0)
	After  optimization total=995 (fs=520, ff=0, ss=0)
-----------------------------------------------------------------------
-----------------------------------------------------------------------
Merging BCF...
Merging bricks trees...OK (0.00 s)
Merging av data...OK (0.00 s)
Merging a-faces data (fluid)...
	New a-face count   5442
	Bound a-face count 278 (5.11 %)
Merging a-faces data takes 0.00 s
Merging a-faces data (solid)...
	New a-face count   1848
	Bound a-face count 32 (1.73 %)
Merging a-faces data takes 0.00 s
Merging w-faces data...
	New w-face count   3085
	Bound w-face count 0 (0.00 %)
	Need fw-nb         852 (27.62 %)
Merging w-faces data takes 0.02 s
Merging BCF takes (0.03 s)
-----------------------------------------------------------------------

-----------------------------------------------------------------------
Geometrical diagonal nb-faces collector (cpu_num=4)...
	Time=0.020s.
-----------------------------------------------------------------------
Fluid Subdom Constructor: 1 subdom(s).
	Remove nb-fw from diff subdomains (fs)...
		Diff subdomains cases         0
-----------------------------------------------------------------------
Mega-cv constructor for fluid...
	 0 av's is treated as thin
Relative size generator (threshold = 0.05)...OK
	 9 mega-cv's generated
	 0 mega-cv's removed
Convert clusters:
	 9 mega-cv's total
Mega-cv count: 9
-----------------------------------------------------------------------
-----------------------------------------------------------------------
Getting sectors:
Number of sectors: 0
-----------------------------------------------------------------------
Mixing plane rotation regions: NO.
Sliding mesh rotation regions: NO.
Fluid/fluid faces: NO.

-----------------------------------------------------------------------
BCF CHECKSUM DATA (Mesh 0):

WARNING! 4 w-face(s) without RefFacesData.
FACE_A Area Sum:   G.Fluid        36.2650936692816970
FACE_A Area Sum:   G.Solid        1.7874617156139259
FACE_W Area Sum:                  14.1535611753049526
FACE_W Nb   Sum:                  29624
FACE_W min curvatures sum:        -1543.52609404
FACE_W max curvatures sum:        962921.25761533
AV Max Disbalance: G.Fluid        3.12167e-14 (cid=1262, avid=1337, pid=675)
AV Max Disbalance: G.Solid        3.31528e-13 (cid=534, avid=2160, pid=300)
-----------------------------------------------------------------------


-----------------------------------------------------------------------
MESHER TOPOLOGY DATA (Mesh 0):

BRICKS: Total                 1766
BRICKS: 1-CV                  924
BRICKS: 2-CV                  744
BRICKS: 3-CV                  98
BRICKS: Bad                   0

AV:     G.Total               2706
AV:     G.Fluid               1860
AV:     G.Solid               846

AV:     G.Fluid Thin Profile    0.22 % (4)
AV:     G.Solid Thin Profile   11.11 % (94)

AV:     G.Fluid Thin For Mega   0.00 % (0)
AV:     G.Solid Thin For Mega  10.87 % (92)

AV:     G.Fluid Non-Convex     26.08 % (485)
AV:     G.Solid Non-Convex     16.55 % (140)

FACE_A: G.Fluid          (af) 5442 (partially opened 1946)
FACE_A: G.Solid          (as) 1848 (partially opened 1712)

FACE_W: G.Total                 3085        Brick/Bound
FACE_W: G.Fluid/Solid    (fs_g) 2072        0           
FACE_W: G.Fluid/Fluid    (ff_g) 0           0           
FACE_W: G.Solid/Solid    (ss_g) 0           0           
FACE_W: G.Fluid/External (fe_g) 1013
FACE_W: G.Solid/External (se_g) 0

AV/CV max fa count (on brick side):4
AV/CV max fw count:                4
AV/CV max fw poly count:           51

MEMORY: Total                   1.330 MB
MEMORY: Per Brick               0.771 KB
-----------------------------------------------------------------------

----------------------------------------------------------
BCF --> BCF.GEOMSUBDOM (bridge arrays) (cpu_num=4):
MESH (0):
	Fluid Subdom Constructor: 1 subdom(s).
	Solid Subdom Constructor: 8 subdom(s).
	Net Asm Subdom Constructor: 0 subdom(s).
	GEOMSUBDOM (0): gi=0 fluid av=1860 cv=1851 fa=5442 fw=3085 V=1.850289e+00
	GEOMSUBDOM (1): gi=1 solid av=324 cv=324 fa=766 fw=520 V=2.500000e-02
	GEOMSUBDOM (2): gi=1 solid av=324 cv=324 fa=766 fw=520 V=2.500000e-02
	GEOMSUBDOM (3): gi=1 solid av=42 cv=42 fa=66 fw=215 V=3.538648e-04
	GEOMSUBDOM (4): gi=1 solid av=50 cv=50 fa=77 fw=307 V=1.338860e-04
	GEOMSUBDOM (5): gi=1 solid av=56 cv=56 fa=94 fw=272 V=3.557814e-04
	GEOMSUBDOM (6): gi=1 solid av=4 cv=4 fa=4 fw=20 V=2.514525e-06
	GEOMSUBDOM (7): gi=1 solid av=21 cv=21 fa=35 fw=96 V=1.261652e-04
	GEOMSUBDOM (8): gi=1 solid av=25 cv=25 fa=40 fw=122 V=1.441412e-04
	Setting nb of w-faces...OK.

MESH (0) checking:
	GEOMSUBDOM (0):fa_s=36.2650936692816970 fw_s=14.1535611753049526 fw_nb=29624
	GEOMSUBDOM (1):fa_s=0.8473596474292382 fw_s=1.1500000000000004 fw_nb=4048
	GEOMSUBDOM (2):fa_s=0.8473596474292380 fw_s=1.1499999999999997 fw_nb=4048
	GEOMSUBDOM (3):fa_s=0.0236877924770997 fw_s=0.0807488834096353 fw_nb=2538
	GEOMSUBDOM (4):fa_s=0.0177805817589656 fw_s=0.0515500058643253 fw_nb=5282
	GEOMSUBDOM (5):fa_s=0.0278506362226307 fw_s=0.0857835113342918 fw_nb=3190
	GEOMSUBDOM (6):fa_s=0.0004511516653825 fw_s=0.0013442519251843 fw_nb=180
	GEOMSUBDOM (7):fa_s=0.0114071096819727 fw_s=0.0288104733519678 fw_nb=1098
	GEOMSUBDOM (8):fa_s=0.0115651489493986 fw_s=0.0422586640236740 fw_nb=1408
MESH (0) checking: OK.
----------------------------------------------------------
-----------------------------------------------------------------------
Connectivities information:
	Number of conns: 0
-----------------------------------------------------------------------
-----------------------------------------------------------------------
Calculating curvature and tolerance criteria...
Curvature: min=0 max=3.14159
Tolerance: min=0 max=0.0791992
Calculating curvature and tolerance criteria takes 0.165 s
-----------------------------------------------------------------------
Current CPU = 4 sec

Nx=4
Ny=10
Nz=6
Max_RL=2
-----------------CModelBodies2MeshMapper::CollectData started -------------------------------
Warning in CModelBodies2MeshMapper::DomainsToPBM 
-----------------CModelBodies2MeshMapper Report -------------------------------
FluidDomains 1 SolidDomains 0 VoidDomains 8 
Domains RefIndexes
Domain 0, Index count 81
Domain 1, Index count 6
Domain 2, Index count 6
Domain 3, Index count 6
Domain 4, Index count 51
Domain 5, Index count 6
Domain 6, Index count 4
Domain 7, Index count 5
Domain 8, Index count 5
----------------- -------------------------------
	ModelBodies
Total resolved Bodies 0 BodySets 0
Unresolved Bodies: 18

--------------------------------------------------------------------------
	Positive geometry Bodies
Total resolved Bodies 2 BodySets 1
BodySet 0
	Bodies list:
			#0	Name: ;	ID: df785c42-e172-40de-8d6e-20ed12f25a6f
			#1	Name: ;	ID: 16600c40-30a7-440f-8b62-6f6b5e76d9e8
	Domains list:		 0 
Warning: Disjoined bodies produce set:
		Name: ;	ID: df785c42-e172-40de-8d6e-20ed12f25a6f
		Name: ;	ID: 16600c40-30a7-440f-8b62-6f6b5e76d9e8
	Associated Domains list:		 0 

--------------------------------------------------------------------------
	Fluid regions
Total resolved Bodies 2 BodySets 1
BodySet 0	Material: Air; 
	Bodies list:
			#0	Name: ;	ID: df785c42-e172-40de-8d6e-20ed12f25a6f
			#1	Name: ;	ID: 16600c40-30a7-440f-8b62-6f6b5e76d9e8
	Domains list:		 0 

--------------------------------------------------------------------------
-----------------CModelBodies2MeshMapper::CollectData finished successfully-------------------
12. Saving initial mesh in: E:\Desktop\Downloads\Helix Turbine\2\2.fld .
Storing results...
Estimated CPT size=0.633 MB.
OK
Memory Working Set Current = 54.85 Mb, Memory Working Set Peak = 59.55 Mb
Process Threads Number: 13
Cleaning memory...
Free Geometry DB takes 0.006 s
Copying... OK

------------------------------------------------------------------------------------------------------------
CPU report:
Function                                             CPU           descriptor                    nproc     
------------------------------------------------------------------------------------------------------------
GetGeometryFromSW                                    1.213 sec   function_total               
GetGeometryFromSW                                    0.085 sec   InitGeometryTriangles        
CMesh::PrepareMappedTriangles                        0.425 sec   function_total               
SwapGeometries                                       0.000 sec   function_total               
CMesh::PreBuild                                      0.007 sec   function_total               
SetBrickRegion                                       0.006 sec   function_total               
CMesh::Build                                         0.815 sec   function_total               
CMesh::BuildGeometry                                 0.812 sec   function_total               
ActivateAllCellsParameters                           0.000 sec   function_total               
RefineByTriangles                                    0.376 sec   function_total               
CaptureRefined                                       0.060 sec   function_total               
GetMultiRaysIntersections                            0.050 sec   full                         
CRayCollector::CorrectRays2                          0.003 sec   full                         
CRayCollector::CorrectRays2                          0.002 sec   stage_1_collect_undefined_vertices1
RefinePeculiarSurfaces                               0.001 sec   function_total               
CNarrowChannelRefiner::ChannelsResolution            0.425 sec   function_total               
CNarrowChannelRefiner::RefineChannels_PRLL           0.425 sec   function_total               
CNarrowChannelRefiner::GetMainNormals                0.007 sec   function_total               
CNarrowChannelRefiner::GetMainNormals                0.211 sec   function_total               
CNarrowChannelRefiner::GetMainNormals                0.276 sec   function_total               
CNarrowChannelRefiner::GetMainNormals                0.005 sec   function_total               
CNarrowChannelRefiner::facade_bricks_of_brick_dirv   0.003 sec   function_total               
CNarrowChannelRefiner::facade_bricks_of_brick_dirv   0.276 sec   function_total               
CNarrowChannelRefiner::facade_bricks_of_brick_dirv   0.369 sec   function_total               
CNarrowChannelRefiner::facade_bricks_of_brick_dirv   0.003 sec   function_total               
CNarrowChannelRefiner::next_brick_on_ray             0.003 sec   function_total               
CNarrowChannelRefiner::next_brick_on_ray             0.273 sec   function_total               
CNarrowChannelRefiner::next_brick_on_ray             0.366 sec   function_total               
CNarrowChannelRefiner::next_brick_on_ray             0.002 sec   function_total               
CNarrowChannelRefiner::RefineChannels_PRLL           0.007 sec   NCR_execute_refinement       
CMesh::BuildGeometry                                 0.000 sec   equidistant_refiner          
CNarrowChannelRefiner::RedistributeLevel1            0.286 sec   function_total               
CTPBuilder::build_bcf                                1.299 sec   function_total               
CTPBuilder::bcf_builder                              1.277 sec   function_total               
LoadTrianglesAndXSL                                  0.001 sec   function_total               
CTPBuilder::collect_msh_format                       0.997 sec   function_total               
CTPBuilder::Run                                      0.214 sec   bcf_collect                  
CTPBuilder::Run                                      0.053 sec   bcf_merge                    
CTPBuilder::build_bcf                                0.004 sec   collect_mega_cv              
CTPBuilder::build_bcf                                0.011 sec   convert_to_mds_function      
CTPBuilder::build_bcf                                0.000 sec   sector_periodicity           
CMesh::CalculateCurvatureAndToleranceCriteria        0.165 sec   function_total               
main_capture                                         0.005 sec   bodies_2_mesh_mapper         
Store_Res_2                                          0.048 sec   function_total               
Freemem_CPT                                          0.024 sec   function_total               
------------------------------------------------------------------------------------------------------------

Mesh generation normally finished at	25.4.2021	20:21:21
Mesher CPU = 4 sec
Mesher is finished at	25.4.2021	20:21:21
Log ended at 25.4.2021	20:21:21
